<?xml version="1.0" encoding="UTF-8"?>
<testng-results ignored="0" total="1" passed="1" failed="0" skipped="0">
  <reporter-output>
  </reporter-output>
  <suite started-at="2022-07-17T13:43:16 IST" name="Default suite" finished-at="2022-07-17T13:43:47 IST" duration-ms="31246">
    <groups>
    </groups>
    <test started-at="2022-07-17T13:43:16 IST" name="Default test" finished-at="2022-07-17T13:43:47 IST" duration-ms="31246">
      <class name="test.LoginTest">
        <test-method is-config="true" signature="OpenChromeDriver()[pri:0, instance:test.LoginTest@5b8dfcc1]" started-at="2022-07-17T13:42:34 IST" name="OpenChromeDriver" finished-at="2022-07-17T13:43:16 IST" duration-ms="41970" status="PASS">
          <reporter-output>
          </reporter-output>
        </test-method> <!-- OpenChromeDriver -->
        <test-method is-config="true" signature="initObject()[pri:0, instance:test.LoginTest@5b8dfcc1]" started-at="2022-07-17T13:43:16 IST" name="initObject" finished-at="2022-07-17T13:43:44 IST" duration-ms="27886" status="PASS">
          <reporter-output>
          </reporter-output>
        </test-method> <!-- initObject -->
        <test-method signature="LoginCred()[pri:0, instance:test.LoginTest@5b8dfcc1]" started-at="2022-07-17T13:43:44 IST" name="LoginCred" finished-at="2022-07-17T13:43:47 IST" duration-ms="2892" status="PASS">
          <reporter-output>
          </reporter-output>
        </test-method> <!-- LoginCred -->
        <test-method is-config="true" signature="CloseWabPage()[pri:0, instance:test.LoginTest@5b8dfcc1]" started-at="2022-07-17T13:43:47 IST" name="CloseWabPage" finished-at="2022-07-17T13:43:47 IST" duration-ms="1" status="PASS">
          <reporter-output>
          </reporter-output>
        </test-method> <!-- CloseWabPage -->
        <test-method is-config="true" signature="CloseChromeDrive()[pri:0, instance:test.LoginTest@5b8dfcc1]" started-at="2022-07-17T13:43:47 IST" name="CloseChromeDrive" finished-at="2022-07-17T13:43:48 IST" duration-ms="979" status="PASS">
          <reporter-output>
          </reporter-output>
        </test-method> <!-- CloseChromeDrive -->
      </class> <!-- test.LoginTest -->
    </test> <!-- Default test -->
  </suite> <!-- Default suite -->
</testng-results>
